00:38:40.406 [main] INFO  redbus.base - window maximized
00:38:54.910 [main] INFO  redbus.base - URL launched
00:39:00.804 [main] INFO  redbus.base - Yes
00:39:00.804 [main] INFO  redbus.base - Chennai
00:39:00.804 [main] INFO  redbus.base - bang
00:39:00.804 [main] INFO  redbus.base - Jan
00:39:00.804 [main] INFO  redbus.base - 20
00:40:29.092 [main] INFO  redbus.base - window maximized
00:40:39.893 [main] INFO  redbus.base - URL launched
00:40:41.733 [main] INFO  redbus.base - Yes
00:40:41.734 [main] INFO  redbus.base - Chennai
00:40:41.734 [main] INFO  redbus.base - bang
00:40:41.861 [main] INFO  redbus.base - Jan
00:40:41.861 [main] INFO  redbus.base - 20
00:41:10.179 [main] INFO  redbus.base - No of buses
00:41:10.180 [main] INFO  redbus.base - 76 Buses
00:41:13.238 [main] INFO  redbus.base - Bus names
00:41:13.285 [main] INFO  redbus.base - V2K Travels
00:41:13.332 [main] INFO  redbus.base - VHB Travels
00:41:13.379 [main] INFO  redbus.base - KMRL Kalaimakal
00:41:13.426 [main] INFO  redbus.base - KMRL Kalaimakal
00:41:13.473 [main] INFO  redbus.base - RKK Travels
00:41:13.585 [main] INFO  redbus.base - RKK Travels
00:41:13.636 [main] INFO  redbus.base - Hail Trip
00:41:13.683 [main] INFO  redbus.base - KMRL Kalaimakal
00:41:13.730 [main] INFO  redbus.base - Jabbar Travels
00:41:13.777 [main] INFO  redbus.base - YBM Travels
00:41:13.824 [main] INFO  redbus.base - RKK Travels
00:41:13.871 [main] INFO  redbus.base - Sugama Tourist
00:41:13.933 [main] INFO  redbus.base - YBM Travels
00:41:13.980 [main] INFO  redbus.base - Jabbar Travels
00:41:14.027 [main] INFO  redbus.base - IntrCity SmartBus
00:41:14.074 [main] INFO  redbus.base - Jabbar Travels
00:41:14.121 [main] INFO  redbus.base - Jabbar Travels
00:41:14.167 [main] INFO  redbus.base - Jabbar Travels
00:41:14.214 [main] INFO  redbus.base - Green Line Travels
00:41:14.261 [main] INFO  redbus.base - Kbs travels
00:41:14.308 [main] INFO  redbus.base - Green Line Travels
00:41:14.355 [main] INFO  redbus.base - IntrCity SmartBus
00:41:14.402 [main] INFO  redbus.base - Jabbar Travels
00:41:14.449 [main] INFO  redbus.base - Green Line Travels
00:41:14.496 [main] INFO  redbus.base - Jabbar Travels
00:41:14.542 [main] INFO  redbus.base - KMRL Kalaimakal
00:41:14.589 [main] INFO  redbus.base - Bharathi Travels
00:41:14.636 [main] INFO  redbus.base - SRS Travels
00:41:14.683 [main] INFO  redbus.base - Bharathi Travels
00:41:14.730 [main] INFO  redbus.base - Bharathi Travels
00:41:14.777 [main] INFO  redbus.base - Bharathi Travels
00:41:14.839 [main] INFO  redbus.base - Bharathi Travels
00:41:14.886 [main] INFO  redbus.base - Shanthi Travels
00:41:14.949 [main] INFO  redbus.base - Bharathi Travels
00:41:14.996 [main] INFO  redbus.base - Shanthi Travels
00:41:15.042 [main] INFO  redbus.base - Bharathi Travels
00:41:15.089 [main] INFO  redbus.base - Geepee travels
00:41:15.136 [main] INFO  redbus.base - Bharathi Travels
00:41:15.183 [main] INFO  redbus.base - Jakhar Travels
00:41:15.230 [main] INFO  redbus.base - Thirumalaivasan Transports
00:41:15.277 [main] INFO  redbus.base - Green Line Travels
00:41:15.324 [main] INFO  redbus.base - GRS Travels
00:41:15.371 [main] INFO  redbus.base - Bharathi Travels
02:50:35.990 [main] INFO  redbus.base - window maximized
02:51:02.613 [main] INFO  redbus.base - URL launched
02:51:14.538 [main] INFO  redbus.base - Yes
02:51:14.538 [main] INFO  redbus.base - Chennai
02:51:14.538 [main] INFO  redbus.base - bang
02:51:14.538 [main] INFO  redbus.base - Jan
02:51:14.538 [main] INFO  redbus.base - 20
02:51:47.811 [main] INFO  redbus.base - No of buses
02:51:47.811 [main] INFO  redbus.base - 76 Buses
02:51:50.875 [main] INFO  redbus.base - Bus names
02:51:50.910 [main] INFO  redbus.base - V2K Travels
02:51:50.957 [main] INFO  redbus.base - VHB Travels
02:51:51.003 [main] INFO  redbus.base - KMRL Kalaimakal
02:51:51.050 [main] INFO  redbus.base - KMRL Kalaimakal
02:51:51.097 [main] INFO  redbus.base - RKK Travels
02:51:51.144 [main] INFO  redbus.base - RKK Travels
02:51:51.222 [main] INFO  redbus.base - Hail Trip
02:51:51.285 [main] INFO  redbus.base - KMRL Kalaimakal
02:51:51.332 [main] INFO  redbus.base - Jabbar Travels
02:51:51.378 [main] INFO  redbus.base - YBM Travels
02:51:51.425 [main] INFO  redbus.base - RKK Travels
02:51:51.478 [main] INFO  redbus.base - Sugama Tourist
02:51:51.521 [main] INFO  redbus.base - YBM Travels
02:51:51.583 [main] INFO  redbus.base - Jabbar Travels
02:51:51.677 [main] INFO  redbus.base - IntrCity SmartBus
02:51:51.724 [main] INFO  redbus.base - Jabbar Travels
02:51:51.771 [main] INFO  redbus.base - Jabbar Travels
02:51:51.818 [main] INFO  redbus.base - Jabbar Travels
02:51:51.864 [main] INFO  redbus.base - Green Line Travels
02:51:51.911 [main] INFO  redbus.base - Kbs travels
02:51:51.958 [main] INFO  redbus.base - Green Line Travels
02:51:52.005 [main] INFO  redbus.base - IntrCity SmartBus
02:51:52.052 [main] INFO  redbus.base - Jabbar Travels
02:51:52.099 [main] INFO  redbus.base - Green Line Travels
02:51:52.146 [main] INFO  redbus.base - Jabbar Travels
02:51:52.193 [main] INFO  redbus.base - KMRL Kalaimakal
02:51:52.239 [main] INFO  redbus.base - Bharathi Travels
02:51:52.286 [main] INFO  redbus.base - SRS Travels
02:51:52.333 [main] INFO  redbus.base - Bharathi Travels
02:51:52.380 [main] INFO  redbus.base - Bharathi Travels
02:51:52.427 [main] INFO  redbus.base - Bharathi Travels
02:51:52.474 [main] INFO  redbus.base - Bharathi Travels
02:51:52.521 [main] INFO  redbus.base - Shanthi Travels
02:51:52.568 [main] INFO  redbus.base - Bharathi Travels
02:51:52.614 [main] INFO  redbus.base - Shanthi Travels
02:51:52.661 [main] INFO  redbus.base - Bharathi Travels
02:51:52.708 [main] INFO  redbus.base - Geepee travels
02:51:52.755 [main] INFO  redbus.base - Bharathi Travels
02:51:52.802 [main] INFO  redbus.base - Jakhar Travels
02:51:52.849 [main] INFO  redbus.base - GRS Travels
02:51:52.896 [main] INFO  redbus.base - Thirumalaivasan Transports
02:51:52.943 [main] INFO  redbus.base - Green Line Travels
02:51:52.989 [main] INFO  redbus.base - Bharathi Travels
